<?xml version="1.0" encoding="UTF-8"?>
<testng-results ignored="0" total="1" passed="1" failed="0" skipped="0">
  <reporter-output>
  </reporter-output>
  <suite started-at="2023-08-07T15:09:28 IST" name="Suite" finished-at="2023-08-07T15:09:54 IST" duration-ms="26828">
    <groups>
    </groups>
    <test started-at="2023-08-07T15:09:28 IST" name="Test" finished-at="2023-08-07T15:09:54 IST" duration-ms="26828">
      <class name="org.base.Demo">
        <test-method signature="tc1()[pri:0, instance:org.base.Demo@c8c12ac]" started-at="2023-08-07T15:09:28 IST" name="tc1" finished-at="2023-08-07T15:09:54 IST" duration-ms="26693" status="PASS">
          <reporter-output>
          </reporter-output>
        </test-method> <!-- tc1 -->
      </class> <!-- org.base.Demo -->
    </test> <!-- Test -->
  </suite> <!-- Suite -->
</testng-results>
